<?xml version="1.0" encoding="UTF-8"?>
<testsuite name="WordPuzzleTest" tests="1" skipped="0" failures="0" errors="0" timestamp="2016-02-12T16:11:11" hostname="epicodus-67.local" time="0.001">
  <properties/>
  <testcase name="stringToWordPuzzle_Replace_a_WithDash_4" classname="WordPuzzleTest" time="0.001"/>
  <system-out><![CDATA[]]></system-out>
  <system-err><![CDATA[]]></system-err>
</testsuite>
