<?xml version="1.0" encoding="UTF-8"?>
<testsuite name="WordPuzzleIntegrationTest" tests="2" skipped="0" failures="0" errors="0" timestamp="2016-02-12T16:37:21" hostname="epicodus-67.local" time="0.398">
  <properties/>
  <testcase name="rootTest" classname="WordPuzzleIntegrationTest" time="0.309"/>
  <testcase name="puzzleDisplays" classname="WordPuzzleIntegrationTest" time="0.072"/>
  <system-out><![CDATA[]]></system-out>
  <system-err><![CDATA[[Thread-4] INFO spark.webserver.SparkServer - == Spark has ignited ...
[Thread-4] INFO spark.webserver.SparkServer - >> Listening on 0.0.0.0:4567
[Thread-4] INFO org.eclipse.jetty.server.Server - jetty-9.0.2.v20130417
[Thread-4] INFO org.eclipse.jetty.server.ServerConnector - Started ServerConnector@38eb34f4{HTTP/1.1}{0.0.0.0:4567}
[Test worker] INFO spark.webserver.SparkServer - >>> Spark shutting down ...
[Test worker] INFO org.eclipse.jetty.server.Server - Graceful shutdown org.eclipse.jetty.server.Server@715eb5ab by 
[Test worker] INFO org.eclipse.jetty.server.ServerConnector - Stopped ServerConnector@38eb34f4{HTTP/1.1}{0.0.0.0:4567}
[Test worker] INFO spark.webserver.SparkServer - done
]]></system-err>
</testsuite>
