<?xml version="1.0" encoding="UTF-8"?>
<testsuite name="WordPuzzleTest" tests="2" skipped="0" failures="0" errors="0" timestamp="2016-02-12T16:18:58" hostname="epicodus-67.local" time="0.002">
  <properties/>
  <testcase name="stringToWordPuzzle_Replace_ae_WithDashes_4" classname="WordPuzzleTest" time="0.001"/>
  <testcase name="stringToWordPuzzle_Replace_a_WithDash_4" classname="WordPuzzleTest" time="0.0"/>
  <system-out><![CDATA[]]></system-out>
  <system-err><![CDATA[]]></system-err>
</testsuite>
